============================= test session starts ==============================
platform linux2 -- Python 2.7.15+, pytest-3.10.1, py-1.8.0, pluggy-0.12.0
rootdir: /media/an0nym0us/Essentilas/University/semester-3/data-structures/course-assignments/assignment5, inifile:
plugins: timeout-1.3.3
timeout: 3.0s
timeout method: signal
timeout func_only: False
collected 5 items

test_student.py .....                                                    [100%]

=========================== 5 passed in 0.21 seconds ===========================
